<?xml version="1.0" encoding="UTF-8"?>
<!-- Generated by org.testng.reporters.JUnitXMLReporter -->
<testsuite ignored="0" hostname="Jeffins-MBP" failures="5" tests="12" name="Test-Edge" time="127.201" errors="0" timestamp="2025-06-20T12:39:21 EDT">
  <testcase classname="tests.LoginTest" name="testValidLogin" time="3.04">
    <failure type="java.lang.NullPointerException" message="Cannot invoke &amp;quot;pages.LoginPage.login(String, String)&amp;quot; because &amp;quot;this.loginPage&amp;quot; is null">
      <![CDATA[java.lang.NullPointerException: Cannot invoke "pages.LoginPage.login(String, String)" because "this.loginPage" is null
at tests.LoginTest.testValidLogin(LoginTest.java:48)
at java.base/java.util.ArrayList.forEach(ArrayList.java:1597)
... Removed 25 stack frames]]>
    </failure>
  </testcase> <!-- testValidLogin -->
  <testcase classname="tests.LoginTest" name="testInvalidLogin" time="3.523">
    <failure type="java.lang.NullPointerException" message="Cannot invoke &amp;quot;pages.LoginPage.login(String, String)&amp;quot; because &amp;quot;this.loginPage&amp;quot; is null">
      <![CDATA[java.lang.NullPointerException: Cannot invoke "pages.LoginPage.login(String, String)" because "this.loginPage" is null
at tests.LoginTest.testInvalidLogin(LoginTest.java:57)
at java.base/java.util.ArrayList.forEach(ArrayList.java:1597)
... Removed 25 stack frames]]>
    </failure>
  </testcase> <!-- testInvalidLogin -->
  <testcase classname="tests.LoginTest" name="testLogout" time="3.126">
    <failure type="java.lang.NullPointerException" message="Cannot invoke &amp;quot;pages.LoginPage.login(String, String)&amp;quot; because &amp;quot;this.loginPage&amp;quot; is null">
      <![CDATA[java.lang.NullPointerException: Cannot invoke "pages.LoginPage.login(String, String)" because "this.loginPage" is null
at tests.LoginTest.testLogout(LoginTest.java:65)
at java.base/java.util.ArrayList.forEach(ArrayList.java:1597)
... Removed 25 stack frames]]>
    </failure>
  </testcase> <!-- testLogout -->
  <testcase classname="tests.SignupTest" name="testSignupWithNewEmail" time="3.254">
    <failure type="java.lang.NullPointerException" message="Cannot invoke &amp;quot;pages.SignupPage.enterSignupInfo(String, String)&amp;quot; because &amp;quot;this.signupPage&amp;quot; is null">
      <![CDATA[java.lang.NullPointerException: Cannot invoke "pages.SignupPage.enterSignupInfo(String, String)" because "this.signupPage" is null
at tests.SignupTest.testSignupWithNewEmail(SignupTest.java:55)
at java.base/java.util.ArrayList.forEach(ArrayList.java:1597)
... Removed 25 stack frames]]>
    </failure>
  </testcase> <!-- testSignupWithNewEmail -->
  <testcase classname="tests.SignupTest" name="testSignupWithExistingEmail" time="2.98">
    <failure type="java.lang.NullPointerException" message="Cannot invoke &amp;quot;pages.SignupPage.enterSignupInfo(String, String)&amp;quot; because &amp;quot;this.signupPage&amp;quot; is null">
      <![CDATA[java.lang.NullPointerException: Cannot invoke "pages.SignupPage.enterSignupInfo(String, String)" because "this.signupPage" is null
at tests.SignupTest.testSignupWithExistingEmail(SignupTest.java:63)
at java.base/java.util.ArrayList.forEach(ArrayList.java:1597)
... Removed 25 stack frames]]>
    </failure>
  </testcase> <!-- testSignupWithExistingEmail -->
  <testcase classname="tests.CartTest" name="testAddProductsToCartAsGuest" time="10.502"/>
  <testcase classname="tests.CartTest" name="testCheckoutMessageGuestUser" time="9.77"/>
  <testcase classname="tests.CartTest" name="testRemoveProductsFromCartAsGuest" time="8.614"/>
  <testcase classname="tests.CartTest" name="testUpdateProductQuantity" time="7.185"/>
  <testcase classname="tests.ContactTest" name="testHeadingVisibility" time="3.202"/>
  <testcase classname="tests.ContactTest" name="testFormSuccess" time="5.827"/>
  <testcase classname="tests.ReviewTest" name="testReviewSuccess" time="8.717"/>
</testsuite> <!-- Test-Edge -->
