<?xml version="1.0" encoding="UTF-8"?>
<!-- Generated by org.testng.reporters.JUnitReportReporter -->
<testsuite hostname="Jeffins-MBP" failures="0" tests="3" name="tests.LoginTest" time="26.037" errors="0" timestamp="2025-06-19T14:13:04 EDT" skipped="0">
  <testcase classname="tests.LoginTest" name="testValidLogin" time="7.715"/>
  <testcase classname="tests.LoginTest" name="testInvalidLogin" time="7.107"/>
  <testcase classname="tests.LoginTest" name="testLogout" time="11.215"/>
</testsuite> <!-- tests.LoginTest -->
