<?xml version="1.0" encoding="UTF-8"?>
<!-- Generated by org.testng.reporters.JUnitReportReporter -->
<testsuite hostname="Jeffins-MBP" failures="0" tests="1" name="tests.CartTest" time="13.844" errors="0" timestamp="2025-06-18T13:16:57 EDT" skipped="0">
  <testcase classname="tests.CartTest" name="verifyCheckoutMessageGuestUser" time="13.844"/>
</testsuite> <!-- tests.CartTest -->
