<?xml version="1.0" encoding="UTF-8"?>
<!-- Generated by org.testng.reporters.JUnitReportReporter -->
<testsuite hostname="Jeffins-MBP" failures="0" tests="3" name="tests.LoginTest" time="27.619" errors="0" timestamp="2025-06-25T15:45:32 EDT" skipped="0">
  <testcase classname="tests.LoginTest" name="testValidLogin" time="9.313"/>
  <testcase classname="tests.LoginTest" name="testInvalidLogin" time="7.259"/>
  <testcase classname="tests.LoginTest" name="testLogout" time="11.047"/>
</testsuite> <!-- tests.LoginTest -->
