<?xml version="1.0" encoding="UTF-8"?>
<!-- Generated by org.testng.reporters.JUnitReportReporter -->
<testsuite hostname="Jeffins-MBP" failures="0" tests="4" name="tests.CartTest" time="39.047" errors="0" timestamp="2025-06-25T15:45:32 EDT" skipped="0">
  <testcase classname="tests.CartTest" name="testCheckoutMessageGuestUser" time="8.725"/>
  <testcase classname="tests.CartTest" name="testRemoveProductsFromCartAsGuest" time="9.986"/>
  <testcase classname="tests.CartTest" name="testUpdateProductQuantity" time="10.025"/>
  <testcase classname="tests.CartTest" name="testAddProductsToCartAsGuest" time="10.311"/>
</testsuite> <!-- tests.CartTest -->
