<?xml version="1.0" encoding="UTF-8"?>
<!-- Generated by org.testng.reporters.JUnitReportReporter -->
<testsuite hostname="Jeffins-MBP" failures="0" tests="2" name="tests.SignupTest" time="12.006" errors="0" timestamp="2025-06-19T14:13:04 EDT" skipped="0">
  <testcase classname="tests.SignupTest" name="testSignupWithNewEmail" time="5.961"/>
  <testcase classname="tests.SignupTest" name="testSignupWithExistingEmail" time="6.045"/>
</testsuite> <!-- tests.SignupTest -->
