<?xml version="1.0" encoding="UTF-8"?>
<!-- Generated by org.testng.reporters.JUnitReportReporter -->
<testsuite hostname="Jeffins-MBP" failures="0" tests="2" name="tests.SignupTest" time="16.343" errors="0" timestamp="2025-06-18T11:49:09 EDT" skipped="0">
  <testcase classname="tests.SignupTest" name="signupWithNewEmailTest" time="7.979"/>
  <testcase classname="tests.SignupTest" name="signupWithExistingEmailTest" time="8.364"/>
</testsuite> <!-- tests.SignupTest -->
