<?xml version="1.0" encoding="UTF-8"?>
<!-- Generated by org.testng.reporters.JUnitReportReporter -->
<testsuite hostname="Jeffins-MBP" failures="0" tests="2" name="tests.ContactTest" time="13.161" errors="0" timestamp="2025-06-19T14:13:04 EDT" skipped="0">
  <testcase classname="tests.ContactTest" name="testHeadingVisibility" time="5.934"/>
  <testcase classname="tests.ContactTest" name="testFormSuccess" time="7.227"/>
</testsuite> <!-- tests.ContactTest -->
