<?xml version="1.0" encoding="UTF-8"?>
<!-- Generated by org.testng.reporters.JUnitReportReporter -->
<testsuite hostname="Jeffins-MBP" failures="0" tests="2" name="tests.ContactTest" time="13.548" errors="0" timestamp="2025-06-20T12:50:27 EDT" skipped="0">
  <testcase classname="tests.ContactTest" name="testHeadingVisibility" time="5.596"/>
  <testcase classname="tests.ContactTest" name="testFormSuccess" time="7.952"/>
</testsuite> <!-- tests.ContactTest -->
