<?xml version="1.0" encoding="UTF-8"?>
<!-- Generated by org.testng.reporters.JUnitReportReporter -->
<testsuite hostname="Jeffins-MBP" failures="0" tests="1" name="tests.SubscriptionTest" time="9.920" errors="0" timestamp="2025-06-25T15:23:00 EDT" skipped="0">
  <testcase classname="tests.SubscriptionTest" name="testSubscriptionSuccess" time="9.920"/>
</testsuite> <!-- tests.SubscriptionTest -->
