<?xml version="1.0" encoding="UTF-8"?>
<!-- Generated by org.testng.reporters.JUnitReportReporter -->
<testsuite hostname="Jeffins-MBP" failures="0" tests="3" name="tests.LoginTest" time="26.464" errors="0" timestamp="2025-06-25T15:14:07 EDT" skipped="0">
  <testcase classname="tests.LoginTest" name="testValidLogin" time="9.925"/>
  <testcase classname="tests.LoginTest" name="testInvalidLogin" time="7.256"/>
  <testcase classname="tests.LoginTest" name="testLogout" time="9.283"/>
</testsuite> <!-- tests.LoginTest -->
