<?xml version="1.0" encoding="UTF-8"?>
<!-- Generated by org.testng.reporters.JUnitReportReporter -->
<testsuite hostname="Jeffins-MBP" failures="0" tests="4" name="tests.CartTest" time="44.422" errors="0" timestamp="2025-06-19T14:13:04 EDT" skipped="0">
  <testcase classname="tests.CartTest" name="testUpdateProductQuantity" time="12.084"/>
  <testcase classname="tests.CartTest" name="testRemoveProductsFromCartAsGuest" time="9.730"/>
  <testcase classname="tests.CartTest" name="testCheckoutMessageGuestUser" time="12.159"/>
  <testcase classname="tests.CartTest" name="testAddProductsToCartAsGuest" time="10.449"/>
</testsuite> <!-- tests.CartTest -->
