<?xml version="1.0" encoding="UTF-8"?>
<!-- Generated by org.testng.reporters.JUnitReportReporter -->
<testsuite hostname="Jeffins-MBP" failures="0" tests="3" name="tests.LoginTest" time="24.701" errors="0" timestamp="2025-06-20T12:50:27 EDT" skipped="0">
  <testcase classname="tests.LoginTest" name="testValidLogin" time="8.063"/>
  <testcase classname="tests.LoginTest" name="testInvalidLogin" time="6.069"/>
  <testcase classname="tests.LoginTest" name="testLogout" time="10.569"/>
</testsuite> <!-- tests.LoginTest -->
