<?xml version="1.0" encoding="UTF-8"?>
<!-- Generated by org.testng.reporters.JUnitReportReporter -->
<testsuite hostname="Jeffins-MBP" failures="0" tests="3" name="tests.CartTest" time="38.401" errors="0" timestamp="2025-06-17T12:50:14 EDT" skipped="0">
  <testcase classname="tests.CartTest" name="addProductsToCartAsGuest" time="12.206"/>
  <testcase classname="tests.CartTest" name="removeProductsFromCartAsGuest" time="11.644"/>
  <testcase classname="tests.CartTest" name="verifyUpdateProductQuantity" time="14.551"/>
</testsuite> <!-- tests.CartTest -->
