<?xml version="1.0" encoding="UTF-8"?>
<!-- Generated by org.testng.reporters.JUnitReportReporter -->
<testsuite hostname="Jeffins-MBP" failures="0" tests="2" name="tests.ContactTest" time="16.785" errors="0" timestamp="2025-06-25T14:57:46 EDT" skipped="0">
  <testcase classname="tests.ContactTest" name="testHeadingVisibility" time="7.409"/>
  <testcase classname="tests.ContactTest" name="testFormSuccess" time="9.376"/>
</testsuite> <!-- tests.ContactTest -->
