<?xml version="1.0" encoding="UTF-8"?>
<!-- Generated by org.testng.reporters.JUnitReportReporter -->
<testsuite hostname="Jeffins-MBP" failures="0" tests="1" name="tests.ReviewTest" time="9.189" errors="0" timestamp="2025-06-19T14:13:04 EDT" skipped="0">
  <testcase classname="tests.ReviewTest" name="testReviewSuccess" time="9.189"/>
</testsuite> <!-- tests.ReviewTest -->
