<?xml version="1.0" encoding="UTF-8"?>
<!-- Generated by org.testng.reporters.JUnitReportReporter -->
<testsuite hostname="Jeffins-MBP" failures="0" tests="3" name="tests.LoginTest" time="24.485" errors="0" timestamp="2025-06-16T19:26:55 EDT" skipped="0">
  <testcase classname="tests.LoginTest" name="validLoginTest" time="7.043"/>
  <testcase classname="tests.LoginTest" name="invalidLoginTest" time="5.912"/>
  <testcase classname="tests.LoginTest" name="logoutTest" time="11.530"/>
</testsuite> <!-- tests.LoginTest -->
