<?xml version="1.0" encoding="UTF-8"?>
<!-- Generated by org.testng.reporters.JUnitReportReporter -->
<testsuite hostname="Jeffins-MBP" failures="0" tests="3" name="tests.LoginTest" time="28.878" errors="0" timestamp="2025-06-18T11:49:09 EDT" skipped="0">
  <testcase classname="tests.LoginTest" name="validLoginTest" time="8.607"/>
  <testcase classname="tests.LoginTest" name="invalidLoginTest" time="7.040"/>
  <testcase classname="tests.LoginTest" name="logoutTest" time="13.231"/>
</testsuite> <!-- tests.LoginTest -->
