<?xml version="1.0" encoding="UTF-8"?>
<!-- Generated by org.testng.reporters.JUnitReportReporter -->
<testsuite hostname="Jeffins-MBP" failures="0" tests="1" name="tests.SignupTest" time="8.699" errors="0" timestamp="2025-06-25T18:34:09 EDT" skipped="0">
  <testcase classname="tests.SignupTest" name="TC_SIGNUP_002_testSignupWithExistingEmail" time="8.699"/>
</testsuite> <!-- tests.SignupTest -->
