<?xml version="1.0" encoding="UTF-8"?>
<!-- Generated by org.testng.reporters.JUnitReportReporter -->
<testsuite hostname="Jeffins-MBP" failures="0" tests="2" name="tests.SignupTest" time="16.906" errors="0" timestamp="2025-06-25T15:22:00 EDT" skipped="0">
  <testcase classname="tests.SignupTest" name="testSignupWithNewEmail" time="7.984"/>
  <testcase classname="tests.SignupTest" name="testSignupWithExistingEmail" time="8.922"/>
</testsuite> <!-- tests.SignupTest -->
