<?xml version="1.0" encoding="UTF-8"?>
<!-- Generated by org.testng.reporters.JUnitReportReporter -->
<testsuite hostname="Jeffins-MBP" failures="0" tests="2" name="tests.SignupTest" time="15.978" errors="0" timestamp="2025-06-20T12:50:27 EDT" skipped="0">
  <testcase classname="tests.SignupTest" name="testSignupWithNewEmail" time="9.004"/>
  <testcase classname="tests.SignupTest" name="testSignupWithExistingEmail" time="6.974"/>
</testsuite> <!-- tests.SignupTest -->
