<?xml version="1.0" encoding="UTF-8"?>
<!-- Generated by org.testng.reporters.JUnitReportReporter -->
<testsuite hostname="Jeffins-MBP" failures="0" tests="2" name="tests.ContactTest" time="17.462" errors="0" timestamp="2025-06-25T15:45:32 EDT" skipped="0">
  <testcase classname="tests.ContactTest" name="testHeadingVisibility" time="7.415"/>
  <testcase classname="tests.ContactTest" name="testFormSuccess" time="10.047"/>
</testsuite> <!-- tests.ContactTest -->
