<?xml version="1.0" encoding="UTF-8"?>
<!-- Generated by org.testng.reporters.JUnitReportReporter -->
<testsuite hostname="Jeffins-MBP" failures="0" tests="4" name="tests.CartTest" time="46.964" errors="0" timestamp="2025-06-20T12:50:27 EDT" skipped="0">
  <testcase classname="tests.CartTest" name="testUpdateProductQuantity" time="16.498"/>
  <testcase classname="tests.CartTest" name="testRemoveProductsFromCartAsGuest" time="11.052"/>
  <testcase classname="tests.CartTest" name="testCheckoutMessageGuestUser" time="8.971"/>
  <testcase classname="tests.CartTest" name="testAddProductsToCartAsGuest" time="10.443"/>
</testsuite> <!-- tests.CartTest -->
