<?xml version="1.0" encoding="UTF-8"?>
<!-- Generated by org.testng.reporters.JUnitReportReporter -->
<testsuite hostname="Jeffins-MBP" failures="0" tests="2" name="tests.SignupTest" time="18.478" errors="0" timestamp="2025-06-16T19:55:32 EDT" skipped="0">
  <testcase classname="tests.SignupTest" name="signupWithNewEmailTest" time="10.433"/>
  <testcase classname="tests.SignupTest" name="signupWithExistingEmailTest" time="8.045"/>
</testsuite> <!-- tests.SignupTest -->
