<?xml version="1.0" encoding="UTF-8"?>
<!-- Generated by org.testng.reporters.JUnitReportReporter -->
<testsuite hostname="Jeffins-MBP" failures="0" tests="2" name="tests.SignupTest" time="17.317" errors="0" timestamp="2025-06-25T15:45:32 EDT" skipped="0">
  <testcase classname="tests.SignupTest" name="testSignupWithNewEmail" time="9.487"/>
  <testcase classname="tests.SignupTest" name="testSignupWithExistingEmail" time="7.830"/>
</testsuite> <!-- tests.SignupTest -->
