<?xml version="1.0" encoding="UTF-8"?>
<!-- Generated by org.testng.reporters.JUnitReportReporter -->
<testsuite hostname="Jeffins-MBP" failures="0" tests="4" name="tests.CartTest" time="44.002" errors="0" timestamp="2025-06-25T14:56:36 EDT" skipped="0">
  <testcase classname="tests.CartTest" name="testAddProductsToCartAsGuest" time="9.558"/>
  <testcase classname="tests.CartTest" name="testCheckoutMessageGuestUser" time="9.253"/>
  <testcase classname="tests.CartTest" name="testRemoveProductsFromCartAsGuest" time="12.290"/>
  <testcase classname="tests.CartTest" name="testUpdateProductQuantity" time="12.901"/>
</testsuite> <!-- tests.CartTest -->
