<?xml version="1.0" encoding="UTF-8"?>
<!-- Generated by org.testng.reporters.JUnitReportReporter -->
<testsuite hostname="Jeffins-MBP" failures="0" tests="2" name="tests.ContactTest" time="11.234" errors="0" timestamp="2025-06-19T11:16:14 EDT" skipped="0">
  <testcase classname="tests.ContactTest" name="testHeadingVisibility" time="5.376"/>
  <testcase classname="tests.ContactTest" name="testFormSuccess" time="5.858"/>
</testsuite> <!-- tests.ContactTest -->
